<?xml version="1.0" encoding="UTF-8"?>
<testng-results skipped="0" failed="0" ignored="0" total="1" passed="1">
  <reporter-output>
  </reporter-output>
  <suite name="Default suite" duration-ms="47433" started-at="2018-07-25T17:01:32Z" finished-at="2018-07-25T17:02:19Z">
    <groups>
    </groups>
    <test name="Default test" duration-ms="47433" started-at="2018-07-25T17:01:32Z" finished-at="2018-07-25T17:02:19Z">
      <class name="SeleniumGrid.Grid_25_July_2018">
        <test-method status="PASS" signature="test()[pri:0, instance:SeleniumGrid.Grid_25_July_2018@91161c7]" name="test" duration-ms="47405" started-at="2018-07-25T22:31:32Z" finished-at="2018-07-25T22:32:19Z">
          <reporter-output>
          </reporter-output>
        </test-method> <!-- test -->
      </class> <!-- SeleniumGrid.Grid_25_July_2018 -->
    </test> <!-- Default test -->
  </suite> <!-- Default suite -->
</testng-results>
